# JRE version: Java(TM) SE Runtime Environment (21.0.1+12) (build 21.0.1+12-LTS-29)
# Java VM: Java HotSpot(TM) 64-Bit Server VM (21.0.1+12-LTS-29, mixed mode, sharing, tiered, compressed oops, compressed class ptrs, g1 gc, windows-amd64)
GC Precious Log:
 CardTable entry size: 512
 Card Set container configuration: InlinePtr #cards 4 size 8 Array Of Cards #cards 16 size 48 Howl #buckets 8 coarsen threshold 3686 Howl Bitmap #cards 512 size 80 coarsen threshold 460 Card regions per heap region 1 cards per card region 4096
 CPUs: 12 total, 12 available
 Memory: 16016M
 Large Page Support: Disabled
 NUMA Support: Disabled
 Compressed Oops: Enabled (Zero based)
 Heap Region Size: 2M
 Heap Min Capacity: 8M
 Heap Initial Capacity: 252M
 Heap Max Capacity: 4006M
 Pre-touch: Disabled
 Parallel Workers: 10
 Concurrent Workers: 3
 Concurrent Refinement Workers: 10
 Periodic GC: Disabled
Heap:
 garbage-first heap   total 512000K, used 224735K [0x0000000705a00000, 0x0000000800000000)
  region size 2048K, 68 young (139264K), 9 survivors (18432K)
 Metaspace       used 106057K, committed 107136K, reserved 1179648K
  class space    used 13870K, committed 14400K, reserved 1048576K
GC Heap History (20 events):
Event: 9.849 GC heap before
{Heap before GC invocations=32 (full 0):
 garbage-first heap   total 147456K, used 126509K [0x0000000705a00000, 0x0000000800000000)
  region size 2048K, 26 young (53248K), 3 survivors (6144K)
 Metaspace       used 87231K, committed 88064K, reserved 1179648K
  class space    used 11703K, committed 12096K, reserved 1048576K
}
Event: 9.854 GC heap after
{Heap after GC invocations=33 (full 0):
 garbage-first heap   total 147456K, used 85638K [0x0000000705a00000, 0x0000000800000000)
  region size 2048K, 4 young (8192K), 4 survivors (8192K)
 Metaspace       used 87231K, committed 88064K, reserved 1179648K
  class space    used 11703K, committed 12096K, reserved 1048576K
}
Event: 9.896 GC heap before
{Heap before GC invocations=33 (full 0):
 garbage-first heap   total 147456K, used 126598K [0x0000000705a00000, 0x0000000800000000)
  region size 2048K, 24 young (49152K), 4 survivors (8192K)
 Metaspace       used 87259K, committed 88128K, reserved 1179648K
  class space    used 11704K, committed 12096K, reserved 1048576K
}
Event: 9.903 GC heap after
{Heap after GC invocations=34 (full 0):
 garbage-first heap   total 301056K, used 99843K [0x0000000705a00000, 0x0000000800000000)
  region size 2048K, 3 young (6144K), 3 survivors (6144K)
 Metaspace       used 87259K, committed 88128K, reserved 1179648K
  class space    used 11704K, committed 12096K, reserved 1048576K
}
Event: 10.045 GC heap before
{Heap before GC invocations=35 (full 0):
 garbage-first heap   total 301056K, used 232963K [0x0000000705a00000, 0x0000000800000000)
  region size 2048K, 68 young (139264K), 3 survivors (6144K)
 Metaspace       used 87262K, committed 88128K, reserved 1179648K
  class space    used 11704K, committed 12096K, reserved 1048576K
}
Event: 10.065 GC heap after
{Heap after GC invocations=36 (full 0):
 garbage-first heap   total 301056K, used 129024K [0x0000000705a00000, 0x0000000800000000)
  region size 2048K, 9 young (18432K), 9 survivors (18432K)
 Metaspace       used 87262K, committed 88128K, reserved 1179648K
  class space    used 11704K, committed 12096K, reserved 1048576K
}
Event: 10.149 GC heap before
{Heap before GC invocations=36 (full 0):
 garbage-first heap   total 301056K, used 235520K [0x0000000705a00000, 0x0000000800000000)
  region size 2048K, 61 young (124928K), 9 survivors (18432K)
 Metaspace       used 87262K, committed 88128K, reserved 1179648K
  class space    used 11704K, committed 12096K, reserved 1048576K
}
Event: 10.168 GC heap after
{Heap after GC invocations=37 (full 0):
 garbage-first heap   total 301056K, used 165888K [0x0000000705a00000, 0x0000000800000000)
  region size 2048K, 8 young (16384K), 8 survivors (16384K)
 Metaspace       used 87262K, committed 88128K, reserved 1179648K
  class space    used 11704K, committed 12096K, reserved 1048576K
}
Event: 10.170 GC heap before
{Heap before GC invocations=37 (full 0):
 garbage-first heap   total 301056K, used 165888K [0x0000000705a00000, 0x0000000800000000)
  region size 2048K, 9 young (18432K), 8 survivors (16384K)
 Metaspace       used 87262K, committed 88128K, reserved 1179648K
  class space    used 11704K, committed 12096K, reserved 1048576K
}
Event: 10.177 GC heap after
{Heap after GC invocations=38 (full 0):
 garbage-first heap   total 301056K, used 170843K [0x0000000705a00000, 0x0000000800000000)
  region size 2048K, 1 young (2048K), 1 survivors (2048K)
 Metaspace       used 87262K, committed 88128K, reserved 1179648K
  class space    used 11704K, committed 12096K, reserved 1048576K
}
Event: 10.280 GC heap before
{Heap before GC invocations=39 (full 0):
 garbage-first heap   total 335872K, used 242523K [0x0000000705a00000, 0x0000000800000000)
  region size 2048K, 38 young (77824K), 1 survivors (2048K)
 Metaspace       used 87262K, committed 88128K, reserved 1179648K
  class space    used 11704K, committed 12096K, reserved 1048576K
}
Event: 10.291 GC heap after
{Heap after GC invocations=40 (full 0):
 garbage-first heap   total 335872K, used 196126K [0x0000000705a00000, 0x0000000800000000)
  region size 2048K, 5 young (10240K), 5 survivors (10240K)
 Metaspace       used 87262K, committed 88128K, reserved 1179648K
  class space    used 11704K, committed 12096K, reserved 1048576K
}
Event: 10.342 GC heap before
{Heap before GC invocations=40 (full 0):
 garbage-first heap   total 335872K, used 273950K [0x0000000705a00000, 0x0000000800000000)
  region size 2048K, 43 young (88064K), 5 survivors (10240K)
 Metaspace       used 87263K, committed 88128K, reserved 1179648K
  class space    used 11704K, committed 12096K, reserved 1048576K
}
Event: 10.348 GC heap after
{Heap after GC invocations=41 (full 0):
 garbage-first heap   total 335872K, used 170085K [0x0000000705a00000, 0x0000000800000000)
  region size 2048K, 2 young (4096K), 2 survivors (4096K)
 Metaspace       used 87263K, committed 88128K, reserved 1179648K
  class space    used 11704K, committed 12096K, reserved 1048576K
}
Event: 10.547 GC heap before
{Heap before GC invocations=41 (full 0):
 garbage-first heap   total 335872K, used 266341K [0x0000000705a00000, 0x0000000800000000)
  region size 2048K, 49 young (100352K), 2 survivors (4096K)
 Metaspace       used 87893K, committed 88640K, reserved 1179648K
  class space    used 11740K, committed 12096K, reserved 1048576K
}
Event: 10.551 GC heap after
{Heap after GC invocations=42 (full 0):
 garbage-first heap   total 796672K, used 171819K [0x0000000705a00000, 0x0000000800000000)
  region size 2048K, 2 young (4096K), 2 survivors (4096K)
 Metaspace       used 87893K, committed 88640K, reserved 1179648K
  class space    used 11740K, committed 12096K, reserved 1048576K
}
Event: 12.184 GC heap before
{Heap before GC invocations=43 (full 0):
 garbage-first heap   total 512000K, used 440107K [0x0000000705a00000, 0x0000000800000000)
  region size 2048K, 150 young (307200K), 2 survivors (4096K)
 Metaspace       used 96890K, committed 97920K, reserved 1179648K
  class space    used 12976K, committed 13440K, reserved 1048576K
}
Event: 12.193 GC heap after
{Heap after GC invocations=44 (full 0):
 garbage-first heap   total 512000K, used 146942K [0x0000000705a00000, 0x0000000800000000)
  region size 2048K, 7 young (14336K), 7 survivors (14336K)
 Metaspace       used 96890K, committed 97920K, reserved 1179648K
  class space    used 12976K, committed 13440K, reserved 1048576K
}
Event: 91.044 GC heap before
{Heap before GC invocations=44 (full 0):
 garbage-first heap   total 512000K, used 433662K [0x0000000705a00000, 0x0000000800000000)
  region size 2048K, 147 young (301056K), 7 survivors (14336K)
 Metaspace       used 106023K, committed 107136K, reserved 1179648K
  class space    used 13869K, committed 14400K, reserved 1048576K
}
Event: 91.061 GC heap after
{Heap after GC invocations=45 (full 0):
 garbage-first heap   total 512000K, used 105951K [0x0000000705a00000, 0x0000000800000000)
  region size 2048K, 9 young (18432K), 9 survivors (18432K)
 Metaspace       used 106023K, committed 107136K, reserved 1179648K
  class space    used 13869K, committed 14400K, reserved 1048576K
}

