# JRE version: Java(TM) SE Runtime Environment (21.0.1+12) (build 21.0.1+12-LTS-29)
# Java VM: Java HotSpot(TM) 64-Bit Server VM (21.0.1+12-LTS-29, mixed mode, sharing, tiered, compressed oops, compressed class ptrs, g1 gc, windows-amd64)
GC Precious Log:
 CardTable entry size: 512
 Card Set container configuration: InlinePtr #cards 4 size 8 Array Of Cards #cards 16 size 48 Howl #buckets 8 coarsen threshold 3686 Howl Bitmap #cards 512 size 80 coarsen threshold 460 Card regions per heap region 1 cards per card region 4096
 CPUs: 12 total, 12 available
 Memory: 16016M
 Large Page Support: Disabled
 NUMA Support: Disabled
 Compressed Oops: Enabled (Zero based)
 Heap Region Size: 2M
 Heap Min Capacity: 8M
 Heap Initial Capacity: 252M
 Heap Max Capacity: 4006M
 Pre-touch: Disabled
 Parallel Workers: 10
 Concurrent Workers: 3
 Concurrent Refinement Workers: 10
 Periodic GC: Disabled
Heap:
 garbage-first heap   total 505856K, used 166773K [0x0000000705a00000, 0x0000000800000000)
  region size 2048K, 24 young (49152K), 10 survivors (20480K)
 Metaspace       used 108336K, committed 109632K, reserved 1179648K
  class space    used 14170K, committed 14784K, reserved 1048576K
GC Heap History (20 events):
Event: 12.968 GC heap before
{Heap before GC invocations=31 (full 0):
 garbage-first heap   total 229376K, used 192512K [0x0000000705a00000, 0x0000000800000000)
  region size 2048K, 55 young (112640K), 5 survivors (10240K)
 Metaspace       used 88494K, committed 89344K, reserved 1179648K
  class space    used 11779K, committed 12160K, reserved 1048576K
}
Event: 12.977 GC heap after
{Heap after GC invocations=32 (full 0):
 garbage-first heap   total 229376K, used 103391K [0x0000000705a00000, 0x0000000800000000)
  region size 2048K, 7 young (14336K), 7 survivors (14336K)
 Metaspace       used 88494K, committed 89344K, reserved 1179648K
  class space    used 11779K, committed 12160K, reserved 1048576K
}
Event: 13.064 GC heap before
{Heap before GC invocations=32 (full 0):
 garbage-first heap   total 229376K, used 193503K [0x0000000705a00000, 0x0000000800000000)
  region size 2048K, 50 young (102400K), 7 survivors (14336K)
 Metaspace       used 88494K, committed 89344K, reserved 1179648K
  class space    used 11779K, committed 12160K, reserved 1048576K
}
Event: 13.086 GC heap after
{Heap after GC invocations=33 (full 0):
 garbage-first heap   total 245760K, used 141312K [0x0000000705a00000, 0x0000000800000000)
  region size 2048K, 7 young (14336K), 7 survivors (14336K)
 Metaspace       used 88494K, committed 89344K, reserved 1179648K
  class space    used 11779K, committed 12160K, reserved 1048576K
}
Event: 13.144 GC heap before
{Heap before GC invocations=33 (full 0):
 garbage-first heap   total 245760K, used 200704K [0x0000000705a00000, 0x0000000800000000)
  region size 2048K, 36 young (73728K), 7 survivors (14336K)
 Metaspace       used 88494K, committed 89344K, reserved 1179648K
  class space    used 11779K, committed 12160K, reserved 1048576K
}
Event: 13.152 GC heap after
{Heap after GC invocations=34 (full 0):
 garbage-first heap   total 245760K, used 148186K [0x0000000705a00000, 0x0000000800000000)
  region size 2048K, 2 young (4096K), 2 survivors (4096K)
 Metaspace       used 88494K, committed 89344K, reserved 1179648K
  class space    used 11779K, committed 12160K, reserved 1048576K
}
Event: 13.352 GC heap before
{Heap before GC invocations=35 (full 0):
 garbage-first heap   total 284672K, used 189146K [0x0000000705a00000, 0x0000000800000000)
  region size 2048K, 31 young (63488K), 2 survivors (4096K)
 Metaspace       used 88787K, committed 89600K, reserved 1179648K
  class space    used 11810K, committed 12160K, reserved 1048576K
}
Event: 13.355 GC heap after
{Heap after GC invocations=36 (full 0):
 garbage-first heap   total 284672K, used 129713K [0x0000000705a00000, 0x0000000800000000)
  region size 2048K, 2 young (4096K), 2 survivors (4096K)
 Metaspace       used 88787K, committed 89600K, reserved 1179648K
  class space    used 11810K, committed 12160K, reserved 1048576K
}
Event: 13.496 GC heap before
{Heap before GC invocations=36 (full 0):
 garbage-first heap   total 284672K, used 232113K [0x0000000705a00000, 0x0000000800000000)
  region size 2048K, 52 young (106496K), 2 survivors (4096K)
 Metaspace       used 88813K, committed 89600K, reserved 1179648K
  class space    used 11811K, committed 12160K, reserved 1048576K
}
Event: 13.502 GC heap after
{Heap after GC invocations=37 (full 0):
 garbage-first heap   total 284672K, used 136575K [0x0000000705a00000, 0x0000000800000000)
  region size 2048K, 7 young (14336K), 7 survivors (14336K)
 Metaspace       used 88813K, committed 89600K, reserved 1179648K
  class space    used 11811K, committed 12160K, reserved 1048576K
}
Event: 13.586 GC heap before
{Heap before GC invocations=37 (full 0):
 garbage-first heap   total 284672K, used 236927K [0x0000000705a00000, 0x0000000800000000)
  region size 2048K, 56 young (114688K), 7 survivors (14336K)
 Metaspace       used 88813K, committed 89600K, reserved 1179648K
  class space    used 11811K, committed 12160K, reserved 1048576K
}
Event: 13.591 GC heap after
{Heap after GC invocations=38 (full 0):
 garbage-first heap   total 569344K, used 133063K [0x0000000705a00000, 0x0000000800000000)
  region size 2048K, 3 young (6144K), 3 survivors (6144K)
 Metaspace       used 88813K, committed 89600K, reserved 1179648K
  class space    used 11811K, committed 12160K, reserved 1048576K
}
Event: 15.446 GC heap before
{Heap before GC invocations=39 (full 0):
 garbage-first heap   total 546816K, used 454599K [0x0000000705a00000, 0x0000000800000000)
  region size 2048K, 160 young (327680K), 3 survivors (6144K)
 Metaspace       used 94625K, committed 95616K, reserved 1179648K
  class space    used 12460K, committed 12928K, reserved 1048576K
}
Event: 15.454 GC heap after
{Heap after GC invocations=40 (full 0):
 garbage-first heap   total 546816K, used 139872K [0x0000000705a00000, 0x0000000800000000)
  region size 2048K, 6 young (12288K), 6 survivors (12288K)
 Metaspace       used 94625K, committed 95616K, reserved 1179648K
  class space    used 12460K, committed 12928K, reserved 1048576K
}
Event: 38.191 GC heap before
{Heap before GC invocations=40 (full 0):
 garbage-first heap   total 546816K, used 453216K [0x0000000705a00000, 0x0000000800000000)
  region size 2048K, 160 young (327680K), 6 survivors (12288K)
 Metaspace       used 107504K, committed 108736K, reserved 1179648K
  class space    used 14137K, committed 14720K, reserved 1048576K
}
Event: 38.240 GC heap after
{Heap after GC invocations=41 (full 0):
 garbage-first heap   total 546816K, used 145863K [0x0000000705a00000, 0x0000000800000000)
  region size 2048K, 10 young (20480K), 10 survivors (20480K)
 Metaspace       used 107504K, committed 108736K, reserved 1179648K
  class space    used 14137K, committed 14720K, reserved 1048576K
}
Event: 48.579 GC heap before
{Heap before GC invocations=41 (full 0):
 garbage-first heap   total 546816K, used 451015K [0x0000000705a00000, 0x0000000800000000)
  region size 2048K, 160 young (327680K), 10 survivors (20480K)
 Metaspace       used 107948K, committed 109184K, reserved 1179648K
  class space    used 14167K, committed 14784K, reserved 1048576K
}
Event: 48.616 GC heap after
{Heap after GC invocations=42 (full 0):
 garbage-first heap   total 546816K, used 147855K [0x0000000705a00000, 0x0000000800000000)
  region size 2048K, 11 young (22528K), 11 survivors (22528K)
 Metaspace       used 107948K, committed 109184K, reserved 1179648K
  class space    used 14167K, committed 14784K, reserved 1048576K
}
Event: 438.726 GC heap before
{Heap before GC invocations=43 (full 0):
 garbage-first heap   total 505856K, used 422287K [0x0000000705a00000, 0x0000000800000000)
  region size 2048K, 148 young (303104K), 11 survivors (22528K)
 Metaspace       used 108305K, committed 109568K, reserved 1179648K
  class space    used 14170K, committed 14784K, reserved 1048576K
}
Event: 438.754 GC heap after
{Heap after GC invocations=44 (full 0):
 garbage-first heap   total 505856K, used 142197K [0x0000000705a00000, 0x0000000800000000)
  region size 2048K, 10 young (20480K), 10 survivors (20480K)
 Metaspace       used 108305K, committed 109568K, reserved 1179648K
  class space    used 14170K, committed 14784K, reserved 1048576K
}

