# JRE version: Java(TM) SE Runtime Environment (21.0.1+12) (build 21.0.1+12-LTS-29)
# Java VM: Java HotSpot(TM) 64-Bit Server VM (21.0.1+12-LTS-29, mixed mode, sharing, tiered, compressed oops, compressed class ptrs, g1 gc, windows-amd64)
GC Precious Log:
 CardTable entry size: 512
 Card Set container configuration: InlinePtr #cards 4 size 8 Array Of Cards #cards 16 size 48 Howl #buckets 8 coarsen threshold 3686 Howl Bitmap #cards 512 size 80 coarsen threshold 460 Card regions per heap region 1 cards per card region 4096
 CPUs: 12 total, 12 available
 Memory: 16016M
 Large Page Support: Disabled
 NUMA Support: Disabled
 Compressed Oops: Enabled (Zero based)
 Heap Region Size: 2M
 Heap Min Capacity: 8M
 Heap Initial Capacity: 252M
 Heap Max Capacity: 4006M
 Pre-touch: Disabled
 Parallel Workers: 10
 Concurrent Workers: 3
 Concurrent Refinement Workers: 10
 Periodic GC: Disabled
Heap:
 garbage-first heap   total 116736K, used 57718K [0x0000000705a00000, 0x0000000800000000)
  region size 2048K, 8 young (16384K), 2 survivors (4096K)
 Metaspace       used 74642K, committed 75456K, reserved 1179648K
  class space    used 9829K, committed 10240K, reserved 1048576K
GC Heap History (20 events):
Event: 3.576 GC heap before
{Heap before GC invocations=5 (full 0):
 garbage-first heap   total 90112K, used 67372K [0x0000000705a00000, 0x0000000800000000)
  region size 2048K, 26 young (53248K), 4 survivors (8192K)
 Metaspace       used 26840K, committed 27328K, reserved 1114112K
  class space    used 3272K, committed 3520K, reserved 1048576K
}
Event: 3.585 GC heap after
{Heap after GC invocations=6 (full 0):
 garbage-first heap   total 90112K, used 27328K [0x0000000705a00000, 0x0000000800000000)
  region size 2048K, 4 young (8192K), 4 survivors (8192K)
 Metaspace       used 26840K, committed 27328K, reserved 1114112K
  class space    used 3272K, committed 3520K, reserved 1048576K
}
Event: 4.527 GC heap before
{Heap before GC invocations=6 (full 0):
 garbage-first heap   total 90112K, used 66240K [0x0000000705a00000, 0x0000000800000000)
  region size 2048K, 23 young (47104K), 4 survivors (8192K)
 Metaspace       used 30347K, committed 30784K, reserved 1114112K
  class space    used 3732K, committed 3968K, reserved 1048576K
}
Event: 4.539 GC heap after
{Heap after GC invocations=7 (full 0):
 garbage-first heap   total 90112K, used 28686K [0x0000000705a00000, 0x0000000800000000)
  region size 2048K, 2 young (4096K), 2 survivors (4096K)
 Metaspace       used 30347K, committed 30784K, reserved 1114112K
  class space    used 3732K, committed 3968K, reserved 1048576K
}
Event: 5.459 GC heap before
{Heap before GC invocations=7 (full 0):
 garbage-first heap   total 90112K, used 69646K [0x0000000705a00000, 0x0000000800000000)
  region size 2048K, 22 young (45056K), 2 survivors (4096K)
 Metaspace       used 35134K, committed 35648K, reserved 1114112K
  class space    used 4460K, committed 4736K, reserved 1048576K
}
Event: 5.467 GC heap after
{Heap after GC invocations=8 (full 0):
 garbage-first heap   total 116736K, used 31526K [0x0000000705a00000, 0x0000000800000000)
  region size 2048K, 3 young (6144K), 3 survivors (6144K)
 Metaspace       used 35134K, committed 35648K, reserved 1114112K
  class space    used 4460K, committed 4736K, reserved 1048576K
}
Event: 5.525 GC heap before
{Heap before GC invocations=8 (full 0):
 garbage-first heap   total 116736K, used 33574K [0x0000000705a00000, 0x0000000800000000)
  region size 2048K, 5 young (10240K), 3 survivors (6144K)
 Metaspace       used 35458K, committed 35968K, reserved 1114112K
  class space    used 4508K, committed 4736K, reserved 1048576K
}
Event: 5.533 GC heap after
{Heap after GC invocations=9 (full 0):
 garbage-first heap   total 116736K, used 31907K [0x0000000705a00000, 0x0000000800000000)
  region size 2048K, 2 young (4096K), 2 survivors (4096K)
 Metaspace       used 35458K, committed 35968K, reserved 1114112K
  class space    used 4508K, committed 4736K, reserved 1048576K
}
Event: 7.013 GC heap before
{Heap before GC invocations=10 (full 0):
 garbage-first heap   total 116736K, used 89251K [0x0000000705a00000, 0x0000000800000000)
  region size 2048K, 30 young (61440K), 2 survivors (4096K)
 Metaspace       used 44710K, committed 45312K, reserved 1114112K
  class space    used 5657K, committed 5888K, reserved 1048576K
}
Event: 7.030 GC heap after
{Heap after GC invocations=11 (full 0):
 garbage-first heap   total 116736K, used 35925K [0x0000000705a00000, 0x0000000800000000)
  region size 2048K, 4 young (8192K), 4 survivors (8192K)
 Metaspace       used 44710K, committed 45312K, reserved 1114112K
  class space    used 5657K, committed 5888K, reserved 1048576K
}
Event: 8.388 GC heap before
{Heap before GC invocations=11 (full 0):
 garbage-first heap   total 116736K, used 91221K [0x0000000705a00000, 0x0000000800000000)
  region size 2048K, 32 young (65536K), 4 survivors (8192K)
 Metaspace       used 53995K, committed 54656K, reserved 1114112K
  class space    used 6868K, committed 7168K, reserved 1048576K
}
Event: 8.397 GC heap after
{Heap after GC invocations=12 (full 0):
 garbage-first heap   total 116736K, used 40416K [0x0000000705a00000, 0x0000000800000000)
  region size 2048K, 3 young (6144K), 3 survivors (6144K)
 Metaspace       used 53995K, committed 54656K, reserved 1114112K
  class space    used 6868K, committed 7168K, reserved 1048576K
}
Event: 8.795 GC heap before
{Heap before GC invocations=12 (full 0):
 garbage-first heap   total 116736K, used 60896K [0x0000000705a00000, 0x0000000800000000)
  region size 2048K, 14 young (28672K), 3 survivors (6144K)
 Metaspace       used 59482K, committed 60160K, reserved 1114112K
  class space    used 7749K, committed 8064K, reserved 1048576K
}
Event: 8.800 GC heap after
{Heap after GC invocations=13 (full 0):
 garbage-first heap   total 116736K, used 42013K [0x0000000705a00000, 0x0000000800000000)
  region size 2048K, 1 young (2048K), 1 survivors (2048K)
 Metaspace       used 59482K, committed 60160K, reserved 1114112K
  class space    used 7749K, committed 8064K, reserved 1048576K
}
Event: 10.375 GC heap before
{Heap before GC invocations=14 (full 0):
 garbage-first heap   total 116736K, used 97309K [0x0000000705a00000, 0x0000000800000000)
  region size 2048K, 28 young (57344K), 1 survivors (2048K)
 Metaspace       used 67841K, committed 68608K, reserved 1114112K
  class space    used 8835K, committed 9216K, reserved 1048576K
}
Event: 10.380 GC heap after
{Heap after GC invocations=15 (full 0):
 garbage-first heap   total 116736K, used 45556K [0x0000000705a00000, 0x0000000800000000)
  region size 2048K, 3 young (6144K), 3 survivors (6144K)
 Metaspace       used 67841K, committed 68608K, reserved 1114112K
  class space    used 8835K, committed 9216K, reserved 1048576K
}
Event: 11.008 GC heap before
{Heap before GC invocations=15 (full 0):
 garbage-first heap   total 116736K, used 98804K [0x0000000705a00000, 0x0000000800000000)
  region size 2048K, 29 young (59392K), 3 survivors (6144K)
 Metaspace       used 70983K, committed 71744K, reserved 1114112K
  class space    used 9343K, committed 9728K, reserved 1048576K
}
Event: 11.014 GC heap after
{Heap after GC invocations=16 (full 0):
 garbage-first heap   total 116736K, used 46063K [0x0000000705a00000, 0x0000000800000000)
  region size 2048K, 3 young (6144K), 3 survivors (6144K)
 Metaspace       used 70983K, committed 71744K, reserved 1114112K
  class space    used 9343K, committed 9728K, reserved 1048576K
}
Event: 11.484 GC heap before
{Heap before GC invocations=16 (full 0):
 garbage-first heap   total 116736K, used 101359K [0x0000000705a00000, 0x0000000800000000)
  region size 2048K, 30 young (61440K), 3 survivors (6144K)
 Metaspace       used 73400K, committed 74176K, reserved 1114112K
  class space    used 9645K, committed 10048K, reserved 1048576K
}
Event: 11.489 GC heap after
{Heap after GC invocations=17 (full 0):
 garbage-first heap   total 116736K, used 47478K [0x0000000705a00000, 0x0000000800000000)
  region size 2048K, 2 young (4096K), 2 survivors (4096K)
 Metaspace       used 73400K, committed 74176K, reserved 1114112K
  class space    used 9645K, committed 10048K, reserved 1048576K
}

