# JRE version: Java(TM) SE Runtime Environment (21.0.1+12) (build 21.0.1+12-LTS-29)
# Java VM: Java HotSpot(TM) 64-Bit Server VM (21.0.1+12-LTS-29, mixed mode, sharing, tiered, compressed oops, compressed class ptrs, g1 gc, windows-amd64)
GC Precious Log:
 CardTable entry size: 512
 Card Set container configuration: InlinePtr #cards 4 size 8 Array Of Cards #cards 16 size 48 Howl #buckets 8 coarsen threshold 3686 Howl Bitmap #cards 512 size 80 coarsen threshold 460 Card regions per heap region 1 cards per card region 4096
 CPUs: 12 total, 12 available
 Memory: 16016M
 Large Page Support: Disabled
 NUMA Support: Disabled
 Compressed Oops: Enabled (Zero based)
 Heap Region Size: 2M
 Heap Min Capacity: 8M
 Heap Initial Capacity: 252M
 Heap Max Capacity: 4006M
 Pre-touch: Disabled
 Parallel Workers: 10
 Concurrent Workers: 3
 Concurrent Refinement Workers: 10
 Periodic GC: Disabled
Heap:
 garbage-first heap   total 131072K, used 69633K [0x0000000705a00000, 0x0000000800000000)
  region size 2048K, 5 young (10240K), 2 survivors (4096K)
 Metaspace       used 101489K, committed 103040K, reserved 1179648K
  class space    used 13405K, committed 14016K, reserved 1048576K
GC Heap History (20 events):
Event: 9.644 GC heap before
{Heap before GC invocations=15 (full 0):
 garbage-first heap   total 108544K, used 86974K [0x0000000705a00000, 0x0000000800000000)
  region size 2048K, 26 young (53248K), 4 survivors (8192K)
 Metaspace       used 79237K, committed 80000K, reserved 1179648K
  class space    used 10585K, committed 10944K, reserved 1048576K
}
Event: 9.649 GC heap after
{Heap after GC invocations=16 (full 0):
 garbage-first heap   total 108544K, used 45963K [0x0000000705a00000, 0x0000000800000000)
  region size 2048K, 3 young (6144K), 3 survivors (6144K)
 Metaspace       used 79237K, committed 80000K, reserved 1179648K
  class space    used 10585K, committed 10944K, reserved 1048576K
}
Event: 10.206 GC heap before
{Heap before GC invocations=16 (full 0):
 garbage-first heap   total 108544K, used 93067K [0x0000000705a00000, 0x0000000800000000)
  region size 2048K, 26 young (53248K), 3 survivors (6144K)
 Metaspace       used 82841K, committed 83648K, reserved 1179648K
  class space    used 11233K, committed 11584K, reserved 1048576K
}
Event: 10.212 GC heap after
{Heap after GC invocations=17 (full 0):
 garbage-first heap   total 108544K, used 49248K [0x0000000705a00000, 0x0000000800000000)
  region size 2048K, 3 young (6144K), 3 survivors (6144K)
 Metaspace       used 82841K, committed 83648K, reserved 1179648K
  class space    used 11233K, committed 11584K, reserved 1048576K
}
Event: 10.459 GC heap before
{Heap before GC invocations=18 (full 0):
 garbage-first heap   total 108544K, used 92256K [0x0000000705a00000, 0x0000000800000000)
  region size 2048K, 24 young (49152K), 3 survivors (6144K)
 Metaspace       used 83523K, committed 84352K, reserved 1179648K
  class space    used 11409K, committed 11776K, reserved 1048576K
}
Event: 10.465 GC heap after
{Heap after GC invocations=19 (full 0):
 garbage-first heap   total 108544K, used 52039K [0x0000000705a00000, 0x0000000800000000)
  region size 2048K, 2 young (4096K), 2 survivors (4096K)
 Metaspace       used 83523K, committed 84352K, reserved 1179648K
  class space    used 11409K, committed 11776K, reserved 1048576K
}
Event: 10.575 GC heap before
{Heap before GC invocations=19 (full 0):
 garbage-first heap   total 108544K, used 95047K [0x0000000705a00000, 0x0000000800000000)
  region size 2048K, 23 young (47104K), 2 survivors (4096K)
 Metaspace       used 83585K, committed 84352K, reserved 1179648K
  class space    used 11420K, committed 11776K, reserved 1048576K
}
Event: 10.578 GC heap after
{Heap after GC invocations=20 (full 0):
 garbage-first heap   total 108544K, used 51386K [0x0000000705a00000, 0x0000000800000000)
  region size 2048K, 2 young (4096K), 2 survivors (4096K)
 Metaspace       used 83585K, committed 84352K, reserved 1179648K
  class space    used 11420K, committed 11776K, reserved 1048576K
}
Event: 11.103 GC heap before
{Heap before GC invocations=20 (full 0):
 garbage-first heap   total 108544K, used 94394K [0x0000000705a00000, 0x0000000800000000)
  region size 2048K, 23 young (47104K), 2 survivors (4096K)
 Metaspace       used 85139K, committed 85952K, reserved 1179648K
  class space    used 11590K, committed 11968K, reserved 1048576K
}
Event: 11.107 GC heap after
{Heap after GC invocations=21 (full 0):
 garbage-first heap   total 108544K, used 54427K [0x0000000705a00000, 0x0000000800000000)
  region size 2048K, 3 young (6144K), 3 survivors (6144K)
 Metaspace       used 85139K, committed 85952K, reserved 1179648K
  class space    used 11590K, committed 11968K, reserved 1048576K
}
Event: 11.596 GC heap before
{Heap before GC invocations=22 (full 0):
 garbage-first heap   total 108544K, used 93339K [0x0000000705a00000, 0x0000000800000000)
  region size 2048K, 22 young (45056K), 3 survivors (6144K)
 Metaspace       used 86780K, committed 87680K, reserved 1179648K
  class space    used 11830K, committed 12224K, reserved 1048576K
}
Event: 11.601 GC heap after
{Heap after GC invocations=23 (full 0):
 garbage-first heap   total 108544K, used 57070K [0x0000000705a00000, 0x0000000800000000)
  region size 2048K, 3 young (6144K), 3 survivors (6144K)
 Metaspace       used 86780K, committed 87680K, reserved 1179648K
  class space    used 11830K, committed 12224K, reserved 1048576K
}
Event: 11.990 GC heap before
{Heap before GC invocations=23 (full 0):
 garbage-first heap   total 108544K, used 93934K [0x0000000705a00000, 0x0000000800000000)
  region size 2048K, 21 young (43008K), 3 survivors (6144K)
 Metaspace       used 88491K, committed 89344K, reserved 1179648K
  class space    used 12098K, committed 12480K, reserved 1048576K
}
Event: 11.997 GC heap after
{Heap after GC invocations=24 (full 0):
 garbage-first heap   total 131072K, used 58934K [0x0000000705a00000, 0x0000000800000000)
  region size 2048K, 3 young (6144K), 3 survivors (6144K)
 Metaspace       used 88491K, committed 89344K, reserved 1179648K
  class space    used 12098K, committed 12480K, reserved 1048576K
}
Event: 167.811 GC heap before
{Heap before GC invocations=24 (full 0):
 garbage-first heap   total 131072K, used 112182K [0x0000000705a00000, 0x0000000800000000)
  region size 2048K, 30 young (61440K), 3 survivors (6144K)
 Metaspace       used 97043K, committed 98112K, reserved 1179648K
  class space    used 13235K, committed 13696K, reserved 1048576K
}
Event: 167.839 GC heap after
{Heap after GC invocations=25 (full 0):
 garbage-first heap   total 131072K, used 62628K [0x0000000705a00000, 0x0000000800000000)
  region size 2048K, 4 young (8192K), 4 survivors (8192K)
 Metaspace       used 97043K, committed 98112K, reserved 1179648K
  class space    used 13235K, committed 13696K, reserved 1048576K
}
Event: 2677.797 GC heap before
{Heap before GC invocations=25 (full 0):
 garbage-first heap   total 131072K, used 109732K [0x0000000705a00000, 0x0000000800000000)
  region size 2048K, 28 young (57344K), 4 survivors (8192K)
 Metaspace       used 100798K, committed 101888K, reserved 1179648K
  class space    used 13527K, committed 14016K, reserved 1048576K
}
Event: 2677.814 GC heap after
{Heap after GC invocations=26 (full 0):
 garbage-first heap   total 131072K, used 65005K [0x0000000705a00000, 0x0000000800000000)
  region size 2048K, 4 young (8192K), 4 survivors (8192K)
 Metaspace       used 100798K, committed 101888K, reserved 1179648K
  class space    used 13527K, committed 14016K, reserved 1048576K
}
Event: 6083.126 GC heap before
{Heap before GC invocations=26 (full 0):
 garbage-first heap   total 131072K, used 110061K [0x0000000705a00000, 0x0000000800000000)
  region size 2048K, 27 young (55296K), 4 survivors (8192K)
 Metaspace       used 101969K, committed 103040K, reserved 1179648K
  class space    used 13537K, committed 14016K, reserved 1048576K
}
Event: 6083.168 GC heap after
{Heap after GC invocations=27 (full 0):
 garbage-first heap   total 131072K, used 65537K [0x0000000705a00000, 0x0000000800000000)
  region size 2048K, 2 young (4096K), 2 survivors (4096K)
 Metaspace       used 101969K, committed 103040K, reserved 1179648K
  class space    used 13537K, committed 14016K, reserved 1048576K
}

